<?xml version="1.0" encoding="UTF-8" ?>
<testsuite tests="7" failures="0" name="com.atguigu.ct.common.bean.BaseDaoTest" time="0.005" errors="0" skipped="0">
  <properties>
[...]
</properties>
  <testcase classname="com.atguigu.ct.common.bean.BaseDaoTest" name="testCreateTableXX" time="0.005"/>
  <testcase classname="com.atguigu.ct.common.bean.BaseDaoTest" name="getConnection" time="0"/>
  <testcase classname="com.atguigu.ct.common.bean.BaseDaoTest" name="close" time="0"/>
  <testcase classname="com.atguigu.ct.common.bean.BaseDaoTest" name="createTableXX" time="0"/>
  <testcase classname="com.atguigu.ct.common.bean.BaseDaoTest" name="createNamespaceNX" time="0"/>
  <testcase classname="com.atguigu.ct.common.bean.BaseDaoTest" name="genSplitkeys" time="0"/>
  <testcase classname="com.atguigu.ct.common.bean.BaseDaoTest" name="getAdmin" time="0"/>
</testsuite>